#
# There is insufficient memory for the Java Runtime Environment to continue.
# Native memory allocation (mmap) failed to map 132120576 bytes for G1 virtual space
# Possible reasons:
#   The system is out of physical RAM or swap space
#   The process is running with CompressedOops enabled, and the Java Heap may be blocking the growth of the native heap
# Possible solutions:
#   Reduce memory load on the system
#   Increase physical memory or swap space
#   Check if swap backing store is full
#   Decrease Java heap size (-Xmx/-Xms)
#   Decrease number of Java threads
#   Decrease Java thread stack sizes (-Xss)
#   Set larger code cache with -XX:ReservedCodeCacheSize=
#   JVM is running with Unscaled Compressed Oops mode in which the Java heap is
#     placed in the first 4GB address space. The Java Heap base address is the
#     maximum limit for the native heap growth. Please use -XX:HeapBaseMinAddress
#     to set the Java Heap base and to place the Java Heap above 4GB virtual address.
# This output file may be truncated or incomplete.
#
#  Out of Memory Error (os_windows.cpp:3466), pid=21180, tid=27288
#
# JRE version:  (16.0.2+7) (build )
# Java VM: Java HotSpot(TM) 64-Bit Server VM (16.0.2+7-67, mixed mode, sharing, tiered, compressed oops, compressed class ptrs, g1 gc, windows-amd64)
# No core dump will be written. Minidumps are not enabled by default on client versions of Windows
#

---------------  S U M M A R Y ------------

Command Line: Main.MainClass

Host: Intel(R) Core(TM) i7-8565U CPU @ 1.80GHz, 8 cores, 7G,  Windows 10 , 64 bit Build 22000 (10.0.22000.1219)
Time: Fri Dec 16 20:24:34 2022 SE Asia Standard Time elapsed time: 0.015909 seconds (0d 0h 0m 0s)

---------------  T H R E A D  ---------------

Current thread (0x000001d740a4f510):  JavaThread "Unknown thread" [_thread_in_vm, id=27288, stack(0x00000081d5400000,0x00000081d5500000)]

Stack: [0x00000081d5400000,0x00000081d5500000]
Native frames: (J=compiled Java code, j=interpreted, Vv=VM code, C=native code)
V  [jvm.dll+0x6681ca]
V  [jvm.dll+0x7c9e69]
V  [jvm.dll+0x7cb61e]
V  [jvm.dll+0x7cbc73]
V  [jvm.dll+0x242c55]
V  [jvm.dll+0x664f89]
V  [jvm.dll+0x659b75]
V  [jvm.dll+0x2fbfbb]
V  [jvm.dll+0x3031b6]
V  [jvm.dll+0x35299e]
V  [jvm.dll+0x352bcf]
V  [jvm.dll+0x2d3028]
V  [jvm.dll+0x2d4264]
V  [jvm.dll+0x79c741]
V  [jvm.dll+0x360791]
V  [jvm.dll+0x77a3f0]
V  [jvm.dll+0x3e4e8f]
V  [jvm.dll+0x3e6961]
C  [jli.dll+0x52fb]
C  [ucrtbase.dll+0x26c0c]
C  [KERNEL32.DLL+0x15550]
C  [ntdll.dll+0x485b]


---------------  P R O C E S S  ---------------

Threads class SMR info:
_java_thread_list=0x00007ff8c11ccbb8, length=0, elements={
}

Java Threads: ( => current thread )

Other Threads:
  0x000001d740a8ff30 GCTaskThread "GC Thread#0" [stack: 0x00000081d5500000,0x00000081d5600000] [id=22460]
  0x000001d740aa1c60 ConcurrentGCThread "G1 Main Marker" [stack: 0x00000081d5600000,0x00000081d5700000] [id=24532]
  0x000001d740aa2e70 ConcurrentGCThread "G1 Conc#0" [stack: 0x00000081d5700000,0x00000081d5800000] [id=30444]

[error occurred during error reporting (printing all threads), id 0xc0000005, EXCEPTION_ACCESS_VIOLATION (0xc0000005) at pc=0x00007ff8c09a3ee7]

VM state: not at safepoint (not fully initialized)

VM Mutex/Monitor currently owned by a thread:  ([mutex/lock_event])
[0x000001d740a4bc00] Heap_lock - owner thread: 0x000001d740a4f510

Heap address: 0x0000000082400000, size: 2012 MB, Compressed Oops mode: 32-bit

CDS archive(s) mapped at: [0x0000000000000000-0x0000000000000000-0x0000000000000000), size 0, SharedBaseAddress: 0x0000000800000000, ArchiveRelocationMode: 0.
Narrow klass base: 0x0000000000000000, Narrow klass shift: 0, Narrow klass range: 0x0

GC Precious Log:
<Empty>

Heap:
 garbage-first heap   total 0K, used 0K [0x0000000082400000, 0x0000000100000000)
  region size 1024K, 0 young (0K), 0 survivors (0K)

[error occurred during error reporting (printing heap information), id 0xc0000005, EXCEPTION_ACCESS_VIOLATION (0xc0000005) at pc=0x00007ff8c0d81eed]

GC Heap History (0 events):
No events

Deoptimization events (0 events):
No events

Classes unloaded (0 events):
No events

Classes redefined (0 events):
No events

Internal exceptions (0 events):
No events

Events (1 events):
Event: 0.010 Loaded shared library C:\Program Files\Java\jdk-16.0.2\bin\java.dll


Dynamic libraries:
0x00007ff6333a0000 - 0x00007ff6333b0000 	C:\Program Files\Java\jdk-16.0.2\bin\java.exe
0x00007ff93b300000 - 0x00007ff93b509000 	C:\WINDOWS\SYSTEM32\ntdll.dll
0x00007ff93a690000 - 0x00007ff93a74e000 	C:\WINDOWS\System32\KERNEL32.DLL
0x00007ff938ba0000 - 0x00007ff938f1b000 	C:\WINDOWS\System32\KERNELBASE.dll
0x00007ff938940000 - 0x00007ff938a51000 	C:\WINDOWS\System32\ucrtbase.dll
0x00007ff91e220000 - 0x00007ff91e239000 	C:\Program Files\Java\jdk-16.0.2\bin\VCRUNTIME140.dll
0x00007ff92a7d0000 - 0x00007ff92a7e8000 	C:\Program Files\Java\jdk-16.0.2\bin\jli.dll
0x00007ff939be0000 - 0x00007ff939c8e000 	C:\WINDOWS\System32\ADVAPI32.dll
0x00007ff93b0f0000 - 0x00007ff93b193000 	C:\WINDOWS\System32\msvcrt.dll
0x00007ff93a500000 - 0x00007ff93a59e000 	C:\WINDOWS\System32\sechost.dll
0x00007ff93ac30000 - 0x00007ff93ad50000 	C:\WINDOWS\System32\RPCRT4.dll
0x00007ff939180000 - 0x00007ff93932d000 	C:\WINDOWS\System32\USER32.dll
0x00007ff922a30000 - 0x00007ff922cd5000 	C:\WINDOWS\WinSxS\amd64_microsoft.windows.common-controls_6595b64144ccf1df_6.0.22000.120_none_9d947278b86cc467\COMCTL32.dll
0x00007ff939150000 - 0x00007ff939176000 	C:\WINDOWS\System32\win32u.dll
0x00007ff93a750000 - 0x00007ff93a779000 	C:\WINDOWS\System32\GDI32.dll
0x00007ff938f20000 - 0x00007ff939038000 	C:\WINDOWS\System32\gdi32full.dll
0x00007ff939040000 - 0x00007ff9390dd000 	C:\WINDOWS\System32\msvcp_win.dll
0x00007ff932a30000 - 0x00007ff932a3a000 	C:\WINDOWS\SYSTEM32\VERSION.dll
0x00007ff93a4c0000 - 0x00007ff93a4f2000 	C:\WINDOWS\System32\IMM32.DLL
0x00007ff9348a0000 - 0x00007ff9348ac000 	C:\Program Files\Java\jdk-16.0.2\bin\vcruntime140_1.dll
0x00007ff8cea50000 - 0x00007ff8ceae1000 	C:\Program Files\Java\jdk-16.0.2\bin\msvcp140.dll
0x00007ff8c06c0000 - 0x00007ff8c126b000 	C:\Program Files\Java\jdk-16.0.2\bin\server\jvm.dll
0x00007ff93ae40000 - 0x00007ff93ae48000 	C:\WINDOWS\System32\PSAPI.DLL
0x00007ff9330e0000 - 0x00007ff933113000 	C:\WINDOWS\SYSTEM32\WINMM.dll
0x00007ff922610000 - 0x00007ff922619000 	C:\WINDOWS\SYSTEM32\WSOCK32.dll
0x00007ff93a2b0000 - 0x00007ff93a31f000 	C:\WINDOWS\System32\WS2_32.dll
0x00007ff9378c0000 - 0x00007ff9378d8000 	C:\WINDOWS\SYSTEM32\kernel.appcore.dll
0x00007ff91f680000 - 0x00007ff91f68a000 	C:\Program Files\Java\jdk-16.0.2\bin\jimage.dll
0x00007ff936290000 - 0x00007ff9364b1000 	C:\WINDOWS\SYSTEM32\DBGHELP.DLL
0x00007ff920100000 - 0x00007ff920131000 	C:\WINDOWS\SYSTEM32\dbgcore.DLL
0x00007ff938a60000 - 0x00007ff938adf000 	C:\WINDOWS\System32\bcryptPrimitives.dll
0x00007ff91e1f0000 - 0x00007ff91e215000 	C:\Program Files\Java\jdk-16.0.2\bin\java.dll

dbghelp: loaded successfully - version: 4.0.5 - missing functions: none
symbol engine: initialized successfully - sym options: 0x614 - pdb path: .;C:\Program Files\Java\jdk-16.0.2\bin;C:\WINDOWS\SYSTEM32;C:\WINDOWS\WinSxS\amd64_microsoft.windows.common-controls_6595b64144ccf1df_6.0.22000.120_none_9d947278b86cc467;C:\Program Files\Java\jdk-16.0.2\bin\server

VM Arguments:
java_command: Main.MainClass
java_class_path (initial): C:\Users\Asus\Documents\NetBeansProjects\DoAnCSDL\target\classes;C:\Users\Asus\.m2\repository\com\microsoft\sqlserver\mssql-jdbc\8.2.1.jre11\mssql-jdbc-8.2.1.jre11.jar;C:\Users\Asus\.m2\repository\com\itextpdf\itextpdf\5.5.10\itextpdf-5.5.10.jar
Launcher Type: SUN_STANDARD

[Global flags]
     intx CICompilerCount                          = 4                                         {product} {ergonomic}
     uint ConcGCThreads                            = 2                                         {product} {ergonomic}
     uint G1ConcRefinementThreads                  = 8                                         {product} {ergonomic}
   size_t G1HeapRegionSize                         = 1048576                                   {product} {ergonomic}
    uintx GCDrainStackTargetSize                   = 64                                        {product} {ergonomic}
   size_t InitialHeapSize                          = 132120576                                 {product} {ergonomic}
   size_t MarkStackSize                            = 4194304                                   {product} {ergonomic}
   size_t MaxHeapSize                              = 2109734912                                {product} {ergonomic}
   size_t MinHeapDeltaBytes                        = 1048576                                   {product} {ergonomic}
   size_t MinHeapSize                              = 8388608                                   {product} {ergonomic}
    uintx NonNMethodCodeHeapSize                   = 5839372                                {pd product} {ergonomic}
    uintx NonProfiledCodeHeapSize                  = 122909434                              {pd product} {ergonomic}
    uintx ProfiledCodeHeapSize                     = 122909434                              {pd product} {ergonomic}
    uintx ReservedCodeCacheSize                    = 251658240                              {pd product} {ergonomic}
     bool SegmentedCodeCache                       = true                                      {product} {ergonomic}
   size_t SoftMaxHeapSize                          = 2109734912                             {manageable} {ergonomic}
     bool UseCompressedClassPointers               = true                           {product lp64_product} {ergonomic}
     bool UseCompressedOops                        = true                           {product lp64_product} {ergonomic}
     bool UseG1GC                                  = true                                      {product} {ergonomic}
     bool UseLargePagesIndividualAllocation        = false                                  {pd product} {ergonomic}

Logging:
Log output configuration:
 #0: stdout all=warning uptime,level,tags
 #1: stderr all=off uptime,level,tags

Environment Variables:
JAVA_HOME=C:\Program Files\Java\jdk-16.0.2
PATH=C:\Program Files\Common Files\Oracle\Java\javapath;C:\Windows\system32;C:\Windows;C:\Windows\System32\Wbem;C:\Windows\System32\WindowsPowerShell\v1.0\;C:\Windows\System32\OpenSSH\;C:\Program Files (x86)\NVIDIA Corporation\PhysX\Common;C:\Program Files\Intel\WiFi\bin\;C:\Program Files\Common Files\Intel\WirelessCommon\;C:\TDM-GCC-64\bin;C:\WINDOWS\system32;C:\WINDOWS;C:\WINDOWS\System32\Wbem;C:\WINDOWS\System32\WindowsPowerShell\v1.0\;C:\WINDOWS\System32\OpenSSH\;C:\Program Files\CodeBlocks\MinGW\bin;C:\Program Files\Microsoft SQL Server\Client SDK\ODBC\170\Tools\Binn\;C:\Program Files (x86)\Microsoft SQL Server\150\Tools\Binn\;C:\Program Files\Microsoft SQL Server\150\Tools\Binn\;C:\Program Files\Microsoft SQL Server\150\DTS\Binn\;C:\Program Files\Azure Data Studio\bin;C:\Program Files (x86)\Microsoft SQL Server\150\DTS\Binn\;C:\Program Files\nodejs\;C:\ProgramData\chocolatey\bin;C:\Program Files\Git\cmd;C:\Program Files\TortoiseGit\bin;C:\Program Files\dotnet\;C:\Program Files\apache-maven-3.8.6\bin;C:\Program Files\Java\jdk1.8.0_202\bin;C:\Program Files\MySQL\MySQL Shell 8.0\bin\;C:\Users\Asus\AppData\Local\Programs\Python\Python38\Scripts\;C:\Users\Asus\AppData\Local\Programs\Python\Python38\;C:\Users\Asus\AppData\Local\Microsoft\WindowsApps;C:\Program Files (x86)\Dev-Cpp\MinGW64\bin;C:\Program Files\Azure Data Studio\bin;javac helloworld.java;C:\Users\Asus\AppData\Local\Programs\Microsoft VS Code\bin;C:\Program Files\JetBrains\IntelliJ IDEA Community Edition 2022.2\bin;;C:\Users\Asus\AppData\Roaming\npm;C:\Users\Asus\.dotnet\tools
USERNAME=Asus
OS=Windows_NT
PROCESSOR_IDENTIFIER=Intel64 Family 6 Model 142 Stepping 12, GenuineIntel



---------------  S Y S T E M  ---------------

OS:
 Windows 10 , 64 bit Build 22000 (10.0.22000.1219)
OS uptime: 30 days 5:31 hours

CPU: total 8 (initial active 8) (4 cores per cpu, 2 threads per core) family 6 model 142 stepping 12 microcode 0xde, cx8, cmov, fxsr, ht, mmx, 3dnowpref, sse, sse2, sse3, ssse3, sse4.1, sse4.2, popcnt, lzcnt, tsc, tscinvbit, avx, avx2, aes, erms, clmul, bmi1, bmi2, adx, fma, vzeroupper, clflush, clflushopt

Memory: 4k page, system-wide physical 8043M (513M free)
TotalPageFile size 32619M (AvailPageFile size 41M)
current process WorkingSet (physical memory assigned to process): 10M, peak: 10M
current process commit charge ("private bytes"): 60M, peak: 186M

vm_info: Java HotSpot(TM) 64-Bit Server VM (16.0.2+7-67) for windows-amd64 JRE (16.0.2+7-67), built on Jun  8 2021 23:24:19 by "mach5one" with MS VC++ 16.7 (VS2019)

END.
